0 verbose cli /Users/cyrilponsan/.nvm/versions/node/v20.17.0/bin/node /Users/cyrilponsan/.nvm/versions/node/v20.17.0/bin/npm
1 info using npm@10.9.0
2 info using node@v20.17.0
3 silly config load:file:/Users/cyrilponsan/.nvm/versions/node/v20.17.0/lib/node_modules/npm/npmrc
4 silly config load:file:/Users/cyrilponsan/projets/lxp/api/.npmrc
5 silly config load:file:/Users/cyrilponsan/.npmrc
6 silly config load:file:/Users/cyrilponsan/.nvm/versions/node/v20.17.0/etc/npmrc
7 verbose title npm audit
8 verbose argv "audit"
9 verbose logfile logs-max:10 dir:/Users/cyrilponsan/projets/lxp/api/tmp/npm-cache/_logs/2024-10-24T07_38_24_561Z-
10 verbose logfile /Users/cyrilponsan/projets/lxp/api/tmp/npm-cache/_logs/2024-10-24T07_38_24_561Z-debug-0.log
11 silly logfile done cleaning log files
12 silly packumentCache heap:4345298944 maxSize:1086324736 maxEntrySize:543162368
13 silly audit bulk request {
13 silly audit   '@ampproject/remapping': [ '2.3.0' ],
13 silly audit   '@babel/code-frame': [ '7.24.7' ],
13 silly audit   '@babel/compat-data': [ '7.25.4' ],
13 silly audit   '@babel/core': [ '7.25.2' ],
13 silly audit   semver: [ '6.3.1', '7.6.3' ],
13 silly audit   '@babel/generator': [ '7.25.6' ],
13 silly audit   '@babel/helper-compilation-targets': [ '7.25.2' ],
13 silly audit   '@babel/helper-module-imports': [ '7.24.7' ],
13 silly audit   '@babel/helper-module-transforms': [ '7.25.2' ],
13 silly audit   '@babel/helper-plugin-utils': [ '7.24.8' ],
13 silly audit   '@babel/helper-simple-access': [ '7.24.7' ],
13 silly audit   '@babel/helper-string-parser': [ '7.24.8' ],
13 silly audit   '@babel/helper-validator-identifier': [ '7.24.7' ],
13 silly audit   '@babel/helper-validator-option': [ '7.24.8' ],
13 silly audit   '@babel/helpers': [ '7.25.6' ],
13 silly audit   '@babel/highlight': [ '7.24.7' ],
13 silly audit   'ansi-styles': [ '3.2.1', '4.3.0', '5.2.0' ],
13 silly audit   chalk: [ '2.4.2', '4.1.2' ],
13 silly audit   'color-convert': [ '1.9.3', '2.0.1' ],
13 silly audit   'color-name': [ '1.1.3', '1.1.4' ],
13 silly audit   'escape-string-regexp': [ '1.0.5', '2.0.0' ],
13 silly audit   'has-flag': [ '3.0.0', '4.0.0' ],
13 silly audit   'supports-color': [ '5.5.0', '8.1.1', '7.2.0' ],
13 silly audit   '@babel/parser': [ '7.25.6' ],
13 silly audit   '@babel/plugin-syntax-async-generators': [ '7.8.4' ],
13 silly audit   '@babel/plugin-syntax-bigint': [ '7.8.3' ],
13 silly audit   '@babel/plugin-syntax-class-properties': [ '7.12.13' ],
13 silly audit   '@babel/plugin-syntax-class-static-block': [ '7.14.5' ],
13 silly audit   '@babel/plugin-syntax-import-attributes': [ '7.25.6' ],
13 silly audit   '@babel/plugin-syntax-import-meta': [ '7.10.4' ],
13 silly audit   '@babel/plugin-syntax-json-strings': [ '7.8.3' ],
13 silly audit   '@babel/plugin-syntax-jsx': [ '7.24.7' ],
13 silly audit   '@babel/plugin-syntax-logical-assignment-operators': [ '7.10.4' ],
13 silly audit   '@babel/plugin-syntax-nullish-coalescing-operator': [ '7.8.3' ],
13 silly audit   '@babel/plugin-syntax-numeric-separator': [ '7.10.4' ],
13 silly audit   '@babel/plugin-syntax-object-rest-spread': [ '7.8.3' ],
13 silly audit   '@babel/plugin-syntax-optional-catch-binding': [ '7.8.3' ],
13 silly audit   '@babel/plugin-syntax-optional-chaining': [ '7.8.3' ],
13 silly audit   '@babel/plugin-syntax-private-property-in-object': [ '7.14.5' ],
13 silly audit   '@babel/plugin-syntax-top-level-await': [ '7.14.5' ],
13 silly audit   '@babel/plugin-syntax-typescript': [ '7.25.4' ],
13 silly audit   '@babel/template': [ '7.25.0' ],
13 silly audit   '@babel/traverse': [ '7.25.6' ],
13 silly audit   '@babel/types': [ '7.25.6' ],
13 silly audit   '@bcoe/v8-coverage': [ '0.2.3' ],
13 silly audit   '@colors/colors': [ '1.6.0' ],
13 silly audit   '@cspotcode/source-map-support': [ '0.8.1' ],
13 silly audit   '@jridgewell/trace-mapping': [ '0.3.9', '0.3.25' ],
13 silly audit   '@dabh/diagnostics': [ '2.0.3' ],
13 silly audit   '@elastic/elasticsearch': [ '8.15.0' ],
13 silly audit   '@elastic/transport': [ '8.7.1' ],
13 silly audit   '@istanbuljs/load-nyc-config': [ '1.1.0' ],
13 silly audit   '@istanbuljs/schema': [ '0.1.3' ],
13 silly audit   '@jest/console': [ '29.7.0' ],
13 silly audit   '@jest/core': [ '29.7.0' ],
13 silly audit   '@jest/environment': [ '29.7.0' ],
13 silly audit   '@jest/expect': [ '29.7.0' ],
13 silly audit   '@jest/expect-utils': [ '29.7.0' ],
13 silly audit   '@jest/fake-timers': [ '29.7.0' ],
13 silly audit   '@jest/globals': [ '29.7.0' ],
13 silly audit   '@jest/reporters': [ '29.7.0' ],
13 silly audit   '@jest/schemas': [ '29.6.3' ],
13 silly audit   '@jest/source-map': [ '29.6.3' ],
13 silly audit   '@jest/test-result': [ '29.7.0' ],
13 silly audit   '@jest/test-sequencer': [ '29.7.0' ],
13 silly audit   '@jest/transform': [ '29.7.0' ],
13 silly audit   '@jest/types': [ '29.6.3' ],
13 silly audit   '@jridgewell/gen-mapping': [ '0.3.5' ],
13 silly audit   '@jridgewell/resolve-uri': [ '3.1.2' ],
13 silly audit   '@jridgewell/set-array': [ '1.2.1' ],
13 silly audit   '@jridgewell/sourcemap-codec': [ '1.5.0' ],
13 silly audit   '@mapbox/node-pre-gyp': [ '1.0.11' ],
13 silly audit   '@mongodb-js/saslprep': [ '1.1.9' ],
13 silly audit   '@opentelemetry/api': [ '1.9.0' ],
13 silly audit   '@prisma/client': [ '5.19.1' ],
13 silly audit   '@prisma/debug': [ '5.19.1' ],
13 silly audit   '@prisma/engines': [ '5.19.1' ],
13 silly audit   '@prisma/engines-version': [ '5.19.1-2.69d742ee20b815d88e17e54db4a2a7a3b30324e3' ],
13 silly audit   '@prisma/fetch-engine': [ '5.19.1' ],
13 silly audit   '@prisma/get-platform': [ '5.19.1' ],
13 silly audit   '@sinclair/typebox': [ '0.27.8' ],
13 silly audit   '@sinonjs/commons': [ '3.0.1' ],
13 silly audit   '@sinonjs/fake-timers': [ '10.3.0' ],
13 silly audit   '@socket.io/component-emitter': [ '3.1.2' ],
13 silly audit   '@tsconfig/node10': [ '1.0.11' ],
13 silly audit   '@tsconfig/node12': [ '1.0.11' ],
13 silly audit   '@tsconfig/node14': [ '1.0.3' ],
13 silly audit   '@tsconfig/node16': [ '1.0.4' ],
13 silly audit   '@types/babel__core': [ '7.20.5' ],
13 silly audit   '@types/babel__generator': [ '7.6.8' ],
13 silly audit   '@types/babel__template': [ '7.4.4' ],
13 silly audit   '@types/babel__traverse': [ '7.20.6' ],
13 silly audit   '@types/bcrypt': [ '5.0.2' ],
13 silly audit   '@types/body-parser': [ '1.19.5' ],
13 silly audit   '@types/connect': [ '3.4.38' ],
13 silly audit   '@types/cookie': [ '0.4.1' ],
13 silly audit   '@types/cookie-parser': [ '1.4.7' ],
13 silly audit   '@types/cookiejar': [ '2.1.5' ],
13 silly audit   '@types/cors': [ '2.8.17' ],
13 silly audit   '@types/express': [ '4.17.21' ],
13 silly audit   '@types/express-serve-static-core': [ '4.19.5' ],
13 silly audit   '@types/express-validator': [ '3.0.0' ],
13 silly audit   '@types/graceful-fs': [ '4.1.9' ],
13 silly audit   '@types/http-errors': [ '2.0.4' ],
13 silly audit   '@types/istanbul-lib-coverage': [ '2.0.6' ],
13 silly audit   '@types/istanbul-lib-report': [ '3.0.3' ],
13 silly audit   '@types/istanbul-reports': [ '3.0.4' ],
13 silly audit   '@types/jest': [ '29.5.12' ],
13 silly audit   '@types/jsonwebtoken': [ '9.0.6' ],
13 silly audit   '@types/methods': [ '1.1.4' ],
13 silly audit   '@types/mime': [ '1.3.5' ],
13 silly audit   '@types/morgan': [ '1.9.9' ],
13 silly audit   '@types/multer': [ '1.4.12' ],
13 silly audit   '@types/node': [ '18.19.49' ],
13 silly audit   '@types/nodemailer': [ '6.4.16' ],
13 silly audit   '@types/qs': [ '6.9.15' ],
13 silly audit   '@types/range-parser': [ '1.2.7' ],
13 silly audit   '@types/send': [ '0.17.4' ],
13 silly audit   '@types/serve-static': [ '1.15.7' ],
13 silly audit   '@types/stack-utils': [ '2.0.3' ],
13 silly audit   '@types/superagent': [ '8.1.9' ],
13 silly audit   '@types/supertest': [ '2.0.16' ],
13 silly audit   '@types/triple-beam': [ '1.3.5' ],
13 silly audit   '@types/uuid': [ '9.0.8' ],
13 silly audit   '@types/webidl-conversions': [ '7.0.3' ],
13 silly audit   '@types/whatwg-url': [ '8.2.2' ],
13 silly audit   '@types/yargs': [ '17.0.33' ],
13 silly audit   '@types/yargs-parser': [ '21.0.3' ],
13 silly audit   abbrev: [ '1.1.1' ],
13 silly audit   accepts: [ '1.3.8' ],
13 silly audit   accesscontrol: [ '2.2.1' ],
13 silly audit   acorn: [ '8.12.1' ],
13 silly audit   'acorn-walk': [ '8.3.3' ],
13 silly audit   'agent-base': [ '6.0.2' ],
13 silly audit   'ansi-escapes': [ '4.3.2' ],
13 silly audit   'ansi-regex': [ '5.0.1' ],
13 silly audit   anymatch: [ '3.1.3' ],
13 silly audit   'append-field': [ '1.0.0' ],
13 silly audit   aproba: [ '2.0.0' ],
13 silly audit   'are-we-there-yet': [ '2.0.0' ],
13 silly audit   'readable-stream': [ '3.6.2', '2.3.8' ],
13 silly audit   arg: [ '4.1.3' ],
13 silly audit   argparse: [ '1.0.10' ],
13 silly audit   'array-flatten': [ '1.1.1' ],
13 silly audit   asap: [ '2.0.6' ],
13 silly audit   async: [ '3.2.6' ],
13 silly audit   asynckit: [ '0.4.0' ],
13 silly audit   b4a: [ '1.6.6' ],
13 silly audit   'babel-jest': [ '29.7.0' ],
13 silly audit   'babel-plugin-istanbul': [ '6.1.1' ],
13 silly audit   'istanbul-lib-instrument': [ '5.2.1', '6.0.3' ],
13 silly audit   'babel-plugin-jest-hoist': [ '29.6.3' ],
13 silly audit   'babel-preset-current-node-syntax': [ '1.1.0' ],
13 silly audit   'babel-preset-jest': [ '29.6.3' ],
13 silly audit   'balanced-match': [ '1.0.2' ],
13 silly audit   'bare-events': [ '2.4.2' ],
13 silly audit   'bare-fs': [ '2.3.3' ],
13 silly audit   'bare-os': [ '2.4.2' ],
13 silly audit   'bare-path': [ '2.1.3' ],
13 silly audit   'bare-stream': [ '2.2.1' ],
13 silly audit   'base64-js': [ '1.5.1' ],
13 silly audit   base64id: [ '2.0.0' ],
13 silly audit   'basic-auth': [ '2.0.1' ],
13 silly audit   'safe-buffer': [ '5.1.2', '5.2.1' ],
13 silly audit   bcrypt: [ '5.1.1' ],
13 silly audit   bl: [ '4.1.0' ],
13 silly audit   'body-parser': [ '1.20.3' ],
13 silly audit   debug: [ '2.6.9', '4.3.6' ],
13 silly audit   ms: [ '2.0.0', '2.1.2', '2.1.3' ],
13 silly audit   'brace-expansion': [ '1.1.11', '2.0.1' ],
13 silly audit   braces: [ '3.0.3' ],
13 silly audit   browserslist: [ '4.23.3' ],
13 silly audit   'bs-logger': [ '0.2.6' ],
13 silly audit   bser: [ '2.1.1' ],
13 silly audit   bson: [ '5.5.1' ],
13 silly audit   buffer: [ '5.7.1' ],
13 silly audit   'buffer-equal-constant-time': [ '1.0.1' ],
13 silly audit   'buffer-from': [ '1.1.2' ],
13 silly audit   busboy: [ '1.6.0' ],
13 silly audit   bytes: [ '3.1.2' ],
13 silly audit   'call-bind': [ '1.0.7' ],
13 silly audit   callsites: [ '3.1.0' ],
13 silly audit   camelcase: [ '5.3.1', '6.3.0' ],
13 silly audit   'caniuse-lite': [ '1.0.30001655' ],
13 silly audit   'char-regex': [ '1.0.2' ],
13 silly audit   chownr: [ '2.0.0', '1.1.4' ],
13 silly audit   'ci-info': [ '3.9.0' ],
13 silly audit   'cjs-module-lexer': [ '1.4.0' ],
13 silly audit   cliui: [ '8.0.1' ],
13 silly audit   co: [ '4.6.0' ],
13 silly audit   'collect-v8-coverage': [ '1.0.2' ],
13 silly audit   color: [ '4.2.3', '3.2.1' ],
13 silly audit   'color-string': [ '1.9.1' ],
13 silly audit   'color-support': [ '1.1.3' ],
13 silly audit   colorspace: [ '1.1.4' ],
13 silly audit   'combined-stream': [ '1.0.8' ],
13 silly audit   'component-emitter': [ '1.3.1' ],
13 silly audit   'concat-map': [ '0.0.1' ],
13 silly audit   'concat-stream': [ '1.6.2' ],
13 silly audit   'console-control-strings': [ '1.1.0' ],
13 silly audit   'content-disposition': [ '0.5.4' ],
13 silly audit   'content-type': [ '1.0.5' ],
13 silly audit   'convert-source-map': [ '2.0.0' ],
13 silly audit   cookie: [ '0.4.1', '0.6.0' ],
13 silly audit   'cookie-parser': [ '1.4.6' ],
13 silly audit   'cookie-signature': [ '1.0.6' ],
13 silly audit   cookiejar: [ '2.1.4' ],
13 silly audit   'core-util-is': [ '1.0.3' ],
13 silly audit   cors: [ '2.8.5' ],
13 silly audit   'create-jest': [ '29.7.0' ],
13 silly audit   'create-require': [ '1.1.1' ],
13 silly audit   'cross-spawn': [ '7.0.3' ],
13 silly audit   'decompress-response': [ '6.0.0' ],
13 silly audit   dedent: [ '1.5.3' ],
13 silly audit   'deep-extend': [ '0.6.0' ],
13 silly audit   deepmerge: [ '4.3.1' ],
13 silly audit   'define-data-property': [ '1.1.4' ],
13 silly audit   'delayed-stream': [ '1.0.0' ],
13 silly audit   delegates: [ '1.0.0' ],
13 silly audit   depd: [ '2.0.0' ],
13 silly audit   destroy: [ '1.2.0' ],
13 silly audit   'detect-libc': [ '2.0.3' ],
13 silly audit   'detect-newline': [ '3.1.0' ],
13 silly audit   dezalgo: [ '1.0.4' ],
13 silly audit   diff: [ '4.0.2' ],
13 silly audit   'diff-sequences': [ '29.6.3' ],
13 silly audit   dotenv: [ '16.4.5' ],
13 silly audit   'ecdsa-sig-formatter': [ '1.0.11' ],
13 silly audit   'ee-first': [ '1.1.1' ],
13 silly audit   ejs: [ '3.1.10' ],
13 silly audit   'electron-to-chromium': [ '1.5.13' ],
13 silly audit   emittery: [ '0.13.1' ],
13 silly audit   'emoji-regex': [ '8.0.0' ],
13 silly audit   enabled: [ '2.0.0' ],
13 silly audit   encodeurl: [ '2.0.0', '1.0.2' ],
13 silly audit   'end-of-stream': [ '1.4.4' ],
13 silly audit   'engine.io': [ '6.5.5' ],
13 silly audit   'engine.io-parser': [ '5.2.3' ],
13 silly audit   'error-ex': [ '1.3.2' ],
13 silly audit   'es-define-property': [ '1.0.0' ],
13 silly audit   'es-errors': [ '1.3.0' ],
13 silly audit   escalade: [ '3.2.0' ],
13 silly audit   'escape-html': [ '1.0.3' ],
13 silly audit   esprima: [ '4.0.1' ],
13 silly audit   etag: [ '1.8.1' ],
13 silly audit   execa: [ '5.1.1' ],
13 silly audit   exit: [ '0.1.2' ],
13 silly audit   'expand-template': [ '2.0.3' ],
13 silly audit   expect: [ '29.7.0' ],
13 silly audit   express: [ '4.21.0' ],
13 silly audit   'express-validator': [ '7.2.0' ],
13 silly audit   'fast-fifo': [ '1.3.2' ],
13 silly audit   'fast-json-stable-stringify': [ '2.1.0' ],
13 silly audit   'fast-safe-stringify': [ '2.1.1' ],
13 silly audit   'fb-watchman': [ '2.0.2' ],
13 silly audit   fecha: [ '4.2.3' ],
13 silly audit   'file-stream-rotator': [ '0.6.1' ],
13 silly audit   filelist: [ '1.0.4' ],
13 silly audit   minimatch: [ '5.1.6', '3.1.2' ],
13 silly audit   'fill-range': [ '7.1.1' ],
13 silly audit   finalhandler: [ '1.3.1' ],
13 silly audit   'find-up': [ '4.1.0' ],
13 silly audit   'fn.name': [ '1.1.0' ],
13 silly audit   'form-data': [ '4.0.0' ],
13 silly audit   formidable: [ '2.1.2' ],
13 silly audit   forwarded: [ '0.2.0' ],
13 silly audit   fresh: [ '0.5.2' ],
13 silly audit   'fs-constants': [ '1.0.0' ],
13 silly audit   'fs-minipass': [ '2.1.0' ],
13 silly audit   minipass: [ '3.3.6', '5.0.0' ],
13 silly audit   yallist: [ '4.0.0', '3.1.1' ],
13 silly audit   'fs.realpath': [ '1.0.0' ],
13 silly audit   fsevents: [ '2.3.3' ],
13 silly audit   'function-bind': [ '1.1.2' ],
13 silly audit   gauge: [ '3.0.2' ],
13 silly audit   gensync: [ '1.0.0-beta.2' ],
13 silly audit   'get-caller-file': [ '2.0.5' ],
13 silly audit   'get-intrinsic': [ '1.2.4' ],
13 silly audit   'get-package-type': [ '0.1.0' ],
13 silly audit   'get-stream': [ '6.0.1' ],
13 silly audit   'github-from-package': [ '0.0.0' ],
13 silly audit   glob: [ '7.2.3' ],
13 silly audit   globals: [ '11.12.0' ],
13 silly audit   gopd: [ '1.0.1' ],
13 silly audit   'graceful-fs': [ '4.2.11' ],
13 silly audit   'has-property-descriptors': [ '1.0.2' ],
13 silly audit   'has-proto': [ '1.0.3' ],
13 silly audit   'has-symbols': [ '1.0.3' ],
13 silly audit   'has-unicode': [ '2.0.1' ],
13 silly audit   hasown: [ '2.0.2' ],
13 silly audit   helmet: [ '6.2.0' ],
13 silly audit   hexoid: [ '1.0.0' ],
13 silly audit   hpagent: [ '1.2.0' ],
13 silly audit   'html-escaper': [ '2.0.2' ],
13 silly audit   'http-errors': [ '2.0.0' ],
13 silly audit   'https-proxy-agent': [ '5.0.1' ],
13 silly audit   'human-signals': [ '2.1.0' ],
13 silly audit   'iconv-lite': [ '0.4.24' ],
13 silly audit   ieee754: [ '1.2.1' ],
13 silly audit   'import-local': [ '3.2.0' ],
13 silly audit   imurmurhash: [ '0.1.4' ],
13 silly audit   inflight: [ '1.0.6' ],
13 silly audit   inherits: [ '2.0.4' ],
13 silly audit   ini: [ '1.3.8' ],
13 silly audit   'ip-address': [ '9.0.5' ],
13 silly audit   'sprintf-js': [ '1.1.3', '1.0.3' ],
13 silly audit   'ipaddr.js': [ '1.9.1' ],
13 silly audit   'is-arrayish': [ '0.2.1', '0.3.2' ],
13 silly audit   'is-core-module': [ '2.15.1' ],
13 silly audit   'is-fullwidth-code-point': [ '3.0.0' ],
13 silly audit   'is-generator-fn': [ '2.1.0' ],
13 silly audit   'is-number': [ '7.0.0' ],
13 silly audit   'is-stream': [ '2.0.1' ],
13 silly audit   isarray: [ '1.0.0' ],
13 silly audit   isexe: [ '2.0.0' ],
13 silly audit   'istanbul-lib-coverage': [ '3.2.2' ],
13 silly audit   'istanbul-lib-report': [ '3.0.1' ],
13 silly audit   'make-dir': [ '4.0.0', '3.1.0' ],
13 silly audit   'istanbul-lib-source-maps': [ '4.0.1' ],
13 silly audit   'istanbul-reports': [ '3.1.7' ],
13 silly audit   jake: [ '10.9.2' ],
13 silly audit   jest: [ '29.7.0' ],
13 silly audit   'jest-changed-files': [ '29.7.0' ],
13 silly audit   'jest-circus': [ '29.7.0' ],
13 silly audit   'jest-cli': [ '29.7.0' ],
13 silly audit   'jest-config': [ '29.7.0' ],
13 silly audit   'jest-diff': [ '29.7.0' ],
13 silly audit   'jest-docblock': [ '29.7.0' ],
13 silly audit   'jest-each': [ '29.7.0' ],
13 silly audit   'jest-environment-node': [ '29.7.0' ],
13 silly audit   'jest-get-type': [ '29.6.3' ],
13 silly audit   'jest-haste-map': [ '29.7.0' ],
13 silly audit   'jest-leak-detector': [ '29.7.0' ],
13 silly audit   'jest-matcher-utils': [ '29.7.0' ],
13 silly audit   'jest-message-util': [ '29.7.0' ],
13 silly audit   'jest-mock': [ '29.7.0' ],
13 silly audit   'jest-pnp-resolver': [ '1.2.3' ],
13 silly audit   'jest-regex-util': [ '29.6.3' ],
13 silly audit   'jest-resolve': [ '29.7.0' ],
13 silly audit   'jest-resolve-dependencies': [ '29.7.0' ],
13 silly audit   'jest-runner': [ '29.7.0' ],
13 silly audit   'jest-runtime': [ '29.7.0' ],
13 silly audit   'jest-snapshot': [ '29.7.0' ],
13 silly audit   'jest-util': [ '29.7.0' ],
13 silly audit   'jest-validate': [ '29.7.0' ],
13 silly audit   'jest-watcher': [ '29.7.0' ],
13 silly audit   'jest-worker': [ '29.7.0' ],
13 silly audit   'js-tokens': [ '4.0.0' ],
13 silly audit   'js-yaml': [ '3.14.1' ],
13 silly audit   jsbn: [ '1.1.0' ],
13 silly audit   jsesc: [ '2.5.2' ],
13 silly audit   'json-parse-even-better-errors': [ '2.3.1' ],
13 silly audit   json5: [ '2.2.3' ],
13 silly audit   jsonwebtoken: [ '9.0.2' ],
13 silly audit   jwa: [ '1.4.1' ],
13 silly audit   jws: [ '3.2.2' ],
13 silly audit   kareem: [ '2.5.1' ],
13 silly audit   kleur: [ '3.0.3' ],
13 silly audit   kuler: [ '2.0.0' ],
13 silly audit   leven: [ '3.1.0' ],
13 silly audit   'lines-and-columns': [ '1.2.4' ],
13 silly audit   'locate-path': [ '5.0.0' ],
13 silly audit   lodash: [ '4.17.21' ],
13 silly audit   'lodash.includes': [ '4.3.0' ],
13 silly audit   'lodash.isboolean': [ '3.0.3' ],
13 silly audit   'lodash.isinteger': [ '4.0.4' ],
13 silly audit   'lodash.isnumber': [ '3.0.3' ],
13 silly audit   'lodash.isplainobject': [ '4.0.6' ],
13 silly audit   'lodash.isstring': [ '4.0.1' ],
13 silly audit   'lodash.memoize': [ '4.1.2' ],
13 silly audit   'lodash.once': [ '4.1.1' ],
13 silly audit   logform: [ '2.6.1' ],
13 silly audit   'lru-cache': [ '5.1.1' ],
13 silly audit   'make-error': [ '1.3.6' ],
13 silly audit   makeerror: [ '1.0.12' ],
13 silly audit   'media-typer': [ '0.3.0' ],
13 silly audit   'memory-pager': [ '1.5.0' ],
13 silly audit   'merge-descriptors': [ '1.0.3' ],
13 silly audit   'merge-stream': [ '2.0.0' ],
13 silly audit   methods: [ '1.1.2' ],
13 silly audit   micromatch: [ '4.0.8' ],
13 silly audit   mime: [ '1.6.0', '2.6.0' ],
13 silly audit   'mime-db': [ '1.52.0' ],
13 silly audit   'mime-types': [ '2.1.35' ],
13 silly audit   'mimic-fn': [ '2.1.0' ],
13 silly audit   'mimic-response': [ '3.1.0' ],
13 silly audit   minimist: [ '1.2.8' ],
13 silly audit   minizlib: [ '2.1.2' ],
13 silly audit   mkdirp: [ '0.5.6', '1.0.4' ],
13 silly audit   'mkdirp-classic': [ '0.5.3' ],
13 silly audit   moment: [ '2.30.1' ],
13 silly audit   mongodb: [ '5.9.2' ],
13 silly audit   'mongodb-connection-string-url': [ '2.6.0' ],
13 silly audit   mongoose: [ '7.8.1' ],
13 silly audit   morgan: [ '1.10.0' ],
13 silly audit   'on-finished': [ '2.3.0', '2.4.1' ],
13 silly audit   mpath: [ '0.9.0' ],
13 silly audit   mquery: [ '5.0.0' ],
13 silly audit   multer: [ '1.4.5-lts.1' ],
13 silly audit   'napi-build-utils': [ '1.0.2' ],
13 silly audit   'natural-compare': [ '1.4.0' ],
13 silly audit   negotiator: [ '0.6.3' ],
13 silly audit   'node-abi': [ '3.67.0' ],
13 silly audit   'node-addon-api': [ '5.1.0', '6.1.0' ],
13 silly audit   'node-fetch': [ '2.7.0' ],
13 silly audit   tr46: [ '0.0.3', '3.0.0' ],
13 silly audit   'webidl-conversions': [ '3.0.1', '7.0.0' ],
13 silly audit   'whatwg-url': [ '5.0.0', '11.0.0' ],
13 silly audit   'node-int64': [ '0.4.0' ],
13 silly audit   'node-releases': [ '2.0.18' ],
13 silly audit   nodemailer: [ '6.9.15' ],
13 silly audit   nopt: [ '5.0.0' ],
13 silly audit   'normalize-path': [ '3.0.0' ],
13 silly audit   notation: [ '1.3.6' ],
13 silly audit   'npm-run-path': [ '4.0.1' ],
13 silly audit   npmlog: [ '5.0.1' ],
13 silly audit   'object-assign': [ '4.1.1' ],
13 silly audit   'object-hash': [ '2.2.0' ],
13 silly audit   'object-inspect': [ '1.13.2' ],
13 silly audit   'on-headers': [ '1.0.2' ],
13 silly audit   once: [ '1.4.0' ],
13 silly audit   'one-time': [ '1.0.0' ],
13 silly audit   onetime: [ '5.1.2' ],
13 silly audit   'p-limit': [ '3.1.0', '2.3.0' ],
13 silly audit   'p-locate': [ '4.1.0' ],
13 silly audit   'p-try': [ '2.2.0' ],
13 silly audit   'parse-json': [ '5.2.0' ],
13 silly audit   parseurl: [ '1.3.3' ],
13 silly audit   'path-exists': [ '4.0.0' ],
13 silly audit   'path-is-absolute': [ '1.0.1' ],
13 silly audit   'path-key': [ '3.1.1' ],
13 silly audit   'path-parse': [ '1.0.7' ],
13 silly audit   'path-to-regexp': [ '0.1.10' ],
13 silly audit   picocolors: [ '1.1.0' ],
13 silly audit   picomatch: [ '2.3.1' ],
13 silly audit   pirates: [ '4.0.6' ],
13 silly audit   'pkg-dir': [ '4.2.0' ],
13 silly audit   'prebuild-install': [ '7.1.2' ],
13 silly audit   'tar-fs': [ '2.1.1', '3.0.6' ],
13 silly audit   'tar-stream': [ '2.2.0', '3.1.7' ],
13 silly audit   'pretty-format': [ '29.7.0' ],
13 silly audit   prisma: [ '5.19.1' ],
13 silly audit   'process-nextick-args': [ '2.0.1' ],
13 silly audit   prompts: [ '2.4.2' ],
13 silly audit   'proxy-addr': [ '2.0.7' ],
13 silly audit   pump: [ '3.0.0' ],
13 silly audit   punycode: [ '2.3.1' ],
13 silly audit   'pure-rand': [ '6.1.0' ],
13 silly audit   qs: [ '6.13.0' ],
13 silly audit   'queue-tick': [ '1.0.1' ],
13 silly audit   'range-parser': [ '1.2.1' ],
13 silly audit   'raw-body': [ '2.5.2' ],
13 silly audit   rc: [ '1.2.8' ],
13 silly audit   'strip-json-comments': [ '2.0.1', '3.1.1' ],
13 silly audit   'react-is': [ '18.3.1' ],
13 silly audit   'require-directory': [ '2.1.1' ],
13 silly audit   resolve: [ '1.22.8' ],
13 silly audit   'resolve-cwd': [ '3.0.0' ],
13 silly audit   'resolve-from': [ '5.0.0' ],
13 silly audit   'resolve.exports': [ '2.0.2' ],
13 silly audit   rimraf: [ '3.0.2' ],
13 silly audit   'safe-stable-stringify': [ '2.5.0' ],
13 silly audit   'safer-buffer': [ '2.1.2' ],
13 silly audit   'secure-json-parse': [ '2.7.0' ],
13 silly audit   send: [ '0.19.0' ],
13 silly audit   'serve-static': [ '1.16.2' ],
13 silly audit   'set-blocking': [ '2.0.0' ],
13 silly audit   'set-function-length': [ '1.2.2' ],
13 silly audit   setprototypeof: [ '1.2.0' ],
13 silly audit   sharp: [ '0.32.6' ],
13 silly audit   'shebang-command': [ '2.0.0' ],
13 silly audit   'shebang-regex': [ '3.0.0' ],
13 silly audit   'side-channel': [ '1.0.6' ],
13 silly audit   sift: [ '16.0.1' ],
13 silly audit   'signal-exit': [ '3.0.7' ],
13 silly audit   'simple-concat': [ '1.0.1' ],
13 silly audit   'simple-get': [ '4.0.1' ],
13 silly audit   'simple-swizzle': [ '0.2.2' ],
13 silly audit   sisteransi: [ '1.0.5' ],
13 silly audit   slash: [ '3.0.0' ],
13 silly audit   'smart-buffer': [ '4.2.0' ],
13 silly audit   'socket.io': [ '4.7.5' ],
13 silly audit   'socket.io-adapter': [ '2.5.5' ],
13 silly audit   'socket.io-parser': [ '4.2.4' ],
13 silly audit   socks: [ '2.8.3' ],
13 silly audit   'source-map': [ '0.6.1' ],
13 silly audit   'source-map-support': [ '0.5.13' ],
13 silly audit   'sparse-bitfield': [ '3.0.3' ],
13 silly audit   'stack-trace': [ '0.0.10' ],
13 silly audit   'stack-utils': [ '2.0.6' ],
13 silly audit   statuses: [ '2.0.1' ],
13 silly audit   streamsearch: [ '1.1.0' ],
13 silly audit   streamx: [ '2.20.0' ],
13 silly audit   string_decoder: [ '1.1.1' ],
13 silly audit   'string-length': [ '4.0.2' ],
13 silly audit   'string-width': [ '4.2.3' ],
13 silly audit   'strip-ansi': [ '6.0.1' ],
13 silly audit   'strip-bom': [ '4.0.0' ],
13 silly audit   'strip-final-newline': [ '2.0.0' ],
13 silly audit   superagent: [ '8.1.2' ],
13 silly audit   supertest: [ '6.3.4' ],
13 silly audit   'supports-preserve-symlinks-flag': [ '1.0.0' ],
13 silly audit   tar: [ '6.2.1' ],
13 silly audit   'test-exclude': [ '6.0.0' ],
13 silly audit   'text-decoder': [ '1.1.1' ],
13 silly audit   'text-hex': [ '1.0.0' ],
13 silly audit   tmpl: [ '1.0.5' ],
13 silly audit   'to-fast-properties': [ '2.0.0' ],
13 silly audit   'to-regex-range': [ '5.0.1' ],
13 silly audit   toidentifier: [ '1.0.1' ],
13 silly audit   'triple-beam': [ '1.4.1' ],
13 silly audit   'ts-jest': [ '29.2.5' ],
13 silly audit   'ts-node': [ '10.9.2' ],
13 silly audit   tslib: [ '2.7.0' ],
13 silly audit   'tunnel-agent': [ '0.6.0' ],
13 silly audit   'type-detect': [ '4.0.8' ],
13 silly audit   'type-fest': [ '0.21.3' ],
13 silly audit   'type-is': [ '1.6.18' ],
13 silly audit   typedarray: [ '0.0.6' ],
13 silly audit   typescript: [ '5.5.4' ],
13 silly audit   undici: [ '6.19.8' ],
13 silly audit   'undici-types': [ '5.26.5' ],
13 silly audit   unpipe: [ '1.0.0' ],
13 silly audit   'update-browserslist-db': [ '1.1.0' ],
13 silly audit   'util-deprecate': [ '1.0.2' ],
13 silly audit   'utils-merge': [ '1.0.1' ],
13 silly audit   uuid: [ '9.0.1' ],
13 silly audit   'v8-compile-cache-lib': [ '3.0.1' ],
13 silly audit   'v8-to-istanbul': [ '9.3.0' ],
13 silly audit   validator: [ '13.12.0' ],
13 silly audit   vary: [ '1.1.2' ],
13 silly audit   walker: [ '1.0.8' ],
13 silly audit   which: [ '2.0.2' ],
13 silly audit   'wide-align': [ '1.1.5' ],
13 silly audit   winston: [ '3.14.2' ],
13 silly audit   'winston-daily-rotate-file': [ '4.7.1' ],
13 silly audit   'winston-transport': [ '4.7.1' ],
13 silly audit   'wrap-ansi': [ '7.0.0' ],
13 silly audit   wrappy: [ '1.0.2' ],
13 silly audit   'write-file-atomic': [ '4.0.2' ],
13 silly audit   ws: [ '8.17.1' ],
13 silly audit   xtend: [ '4.0.2' ],
13 silly audit   y18n: [ '5.0.8' ],
13 silly audit   yargs: [ '17.7.2' ],
13 silly audit   'yargs-parser': [ '21.1.1' ],
13 silly audit   yn: [ '3.1.1' ],
13 silly audit   'yocto-queue': [ '0.1.0' ]
13 silly audit }
14 http fetch GET 200 https://registry.npmjs.org/npm 181ms
15 http fetch POST 200 https://registry.npmjs.org/-/npm/v1/security/advisories/bulk 246ms
16 silly audit report {
16 silly audit report   cookie: [
16 silly audit report     {
16 silly audit report       id: 1099846,
16 silly audit report       url: 'https://github.com/advisories/GHSA-pxg6-pf52-xh8x',
16 silly audit report       title: 'cookie accepts cookie name, path, and domain with out of bounds characters',
16 silly audit report       severity: 'low',
16 silly audit report       vulnerable_versions: '<0.7.0',
16 silly audit report       cwe: [Array],
16 silly audit report       cvss: [Object]
16 silly audit report     }
16 silly audit report   ]
16 silly audit report }
17 silly packumentCache corgi:https://registry.npmjs.org/cookie cache-miss
18 http fetch GET 200 https://registry.npmjs.org/cookie 65ms (cache miss)
19 silly packumentCache corgi:https://registry.npmjs.org/cookie set size:undefined disposed:false
20 silly packumentCache corgi:https://registry.npmjs.org/cookie-parser cache-miss
21 silly packumentCache corgi:https://registry.npmjs.org/engine.io cache-miss
22 silly packumentCache corgi:https://registry.npmjs.org/express cache-miss
23 http fetch GET 200 https://registry.npmjs.org/cookie-parser 54ms (cache miss)
24 silly packumentCache corgi:https://registry.npmjs.org/cookie-parser set size:undefined disposed:false
25 http fetch GET 200 https://registry.npmjs.org/engine.io 56ms (cache miss)
26 silly packumentCache corgi:https://registry.npmjs.org/engine.io set size:undefined disposed:false
27 http fetch GET 200 https://registry.npmjs.org/express 120ms (cache miss)
28 silly packumentCache corgi:https://registry.npmjs.org/express set size:undefined disposed:false
29 silly packumentCache corgi:https://registry.npmjs.org/socket.io cache-miss
30 http fetch GET 200 https://registry.npmjs.org/socket.io 43ms (cache miss)
31 silly packumentCache corgi:https://registry.npmjs.org/socket.io set size:undefined disposed:false
32 verbose cwd /Users/cyrilponsan/projets/lxp/api
33 verbose os Darwin 24.0.0
34 verbose node v20.17.0
35 verbose npm  v10.9.0
36 verbose exit 1
37 verbose code 1
