0 verbose cli /Users/cyrilponsan/.nvm/versions/node/v20.17.0/bin/node /Users/cyrilponsan/.nvm/versions/node/v20.17.0/bin/npm
0 verbose cli /Users/cyrilponsan/.nvm/versions/node/v20.17.0/bin/node /Users/cyrilponsan/.nvm/versions/node/v20.17.0/bin/npm
1 info using npm@10.9.0
2 info using node@v20.17.0
3 silly config load:file:/Users/cyrilponsan/.nvm/versions/node/v20.17.0/lib/node_modules/npm/npmrc
4 silly config load:file:/Users/cyrilponsan/projets/lxp/api/.npmrc
5 silly config load:file:/Users/cyrilponsan/.npmrc
6 silly config load:file:/Users/cyrilponsan/.nvm/versions/node/v20.17.0/etc/npmrc
1 info using npm@10.9.0
2 info using node@v20.17.0
3 silly config load:file:/Users/cyrilponsan/.nvm/versions/node/v20.17.0/lib/node_modules/npm/npmrc
4 silly config load:file:/Users/cyrilponsan/projets/lxp/front/.npmrc
5 silly config load:file:/Users/cyrilponsan/.npmrc
6 silly config load:file:/Users/cyrilponsan/.nvm/versions/node/v20.17.0/etc/npmrc
7 verbose title npm run start:dev
8 verbose argv "run" "start:dev" "--prefix" "api"
9 verbose logfile logs-max:10 dir:/Users/cyrilponsan/projets/lxp/tmp/npm-cache/_logs/2024-10-16T09_06_35_309Z-
7 verbose title npm run dev
8 verbose argv "run" "dev" "--prefix" "front"
9 verbose logfile logs-max:10 dir:/Users/cyrilponsan/projets/lxp/tmp/npm-cache/_logs/2024-10-16T09_06_35_309Z-
10 verbose logfile /Users/cyrilponsan/projets/lxp/tmp/npm-cache/_logs/2024-10-16T09_06_35_309Z-debug-0.log
10 verbose logfile /Users/cyrilponsan/projets/lxp/tmp/npm-cache/_logs/2024-10-16T09_06_35_309Z-debug-0.log
11 silly logfile done cleaning log files
11 silly logfile done cleaning log files
