{"from":"::1","level":"info","message":"nickname, description, address, city, links, hobbies ou graduations non conforme","status":400,"timestamp":"2024-02-23 11:07:01.368 AM"}
{"from":"::1","level":"info","message":"Numéro de téléphone incorrect","status":400,"timestamp":"2024-02-23 11:08:54.443 AM"}
{"from":"::1","level":"info","message":"postCode non conforme","status":400,"timestamp":"2024-02-23 11:09:06.473 AM"}
{"from":"::1","level":"info","message":"nickname, description, address, city, links, hobbies ou graduations non conforme","status":400,"timestamp":"2024-02-23 11:10:18.550 AM"}
{"from":"::1","level":"info","message":"nickname, description, address, city, links, hobbies ou graduations non conforme","status":400,"timestamp":"2024-02-23 11:14:20.504 AM"}
{"from":"::1","level":"info","message":"nickname, description, address, city, links, hobbies ou graduations non conforme","status":400,"timestamp":"2024-02-23 11:14:45.700 AM"}
{"from":"::1","level":"info","message":"nickname, description, address, city, links, hobbies ou graduations non conforme","status":400,"timestamp":"2024-02-23 11:20:38.629 AM"}
{"from":"::1","level":"info","message":"nickname, description, address, city, links, hobbies ou graduations non conforme","status":400,"timestamp":"2024-02-23 11:29:11.018 AM"}
{"from":"::1","level":"info","message":"description","status":400,"timestamp":"2024-02-23 11:29:55.018 AM"}
{"from":"::1","level":"info","message":"description","status":400,"timestamp":"2024-02-23 11:30:28.525 AM"}
{"from":"::1","level":"info","message":"Numéro de téléphone incorrect","status":400,"timestamp":"2024-02-23 11:35:48.649 AM"}
{"from":"::1","level":"info","message":"Numéro de téléphone incorrect","status":400,"timestamp":"2024-02-23 11:42:03.679 AM"}
{"from":"::1","level":"info","message":"Numéro de téléphone incorrect","status":400,"timestamp":"2024-02-23 11:42:07.558 AM"}
{"from":"::1","level":"info","message":"Numéro de téléphone incorrect","status":400,"timestamp":"2024-02-23 11:42:38.455 AM"}
{"from":"::1","level":"info","message":"Numéro de téléphone incorrect","status":400,"timestamp":"2024-02-23 11:42:41.145 AM"}
{"from":"::1","level":"info","message":"Numéro de téléphone incorrect","status":400,"timestamp":"2024-02-23 11:42:43.596 AM"}
{"from":"::1","level":"info","message":"Identifiant ou mot de passe incorrect.","status":401,"timestamp":"2024-02-23 11:45:33.740 AM"}
{"from":"::1","level":"info","message":"Identifiant ou mot de passe incorrect.","status":401,"timestamp":"2024-02-23 11:45:34.555 AM"}
{"from":"::1","level":"info","message":"description","status":400,"timestamp":"2024-02-23 11:46:01.962 AM"}
{"from":"::1","level":"info","message":"description","status":400,"timestamp":"2024-02-23 11:46:27.879 AM"}
{"from":"::1","level":"info","message":"Identifiant ou mot de passe incorrect.","status":401,"timestamp":"2024-02-23 11:50:02.686 AM"}
{"from":"::1","level":"info","message":"Identifiant ou mot de passe incorrect.","status":401,"timestamp":"2024-02-23 11:50:03.368 AM"}
{"from":"::1","level":"info","message":"Identifiant ou mot de passe incorrect.","status":401,"timestamp":"2024-02-23 11:57:37.794 AM"}
{"from":"::1","level":"info","message":"Identifiant ou mot de passe incorrect.","status":401,"timestamp":"2024-02-23 11:57:38.817 AM"}
{"from":"::1","level":"info","message":"Identifiant ou mot de passe incorrect.","status":401,"timestamp":"2024-02-23 11:57:38.964 AM"}
{"from":"::1","level":"info","message":"Identifiant ou mot de passe incorrect.","status":401,"timestamp":"2024-02-23 11:57:39.959 AM"}
{"from":"::1","level":"info","message":"Identifiant ou mot de passe incorrect.","status":401,"timestamp":"2024-02-23 11:57:42.210 AM"}
{"from":"::1","level":"info","message":"Identifiant ou mot de passe incorrect.","status":401,"timestamp":"2024-02-23 11:57:44.248 AM"}
